[2026-01-24T20:06:09.811113] ======================================================================
[2026-01-24T20:06:09.817313] 🚀 ORION POST-ALGORITHMIC CORE - REAL IGNITION 🚀
[2026-01-24T20:06:09.819216] ======================================================================
[2026-01-24T20:06:09.820922] Mode: POST-ALGORITHMIC PRODUCTION
[2026-01-24T20:06:09.824926] Execution: REAL (NO SIMULATION)
[2026-01-24T20:06:09.827724] Time Limit: NONE (UNLIMITED)
[2026-01-24T20:06:09.829344] Hardware Integration: FULL
[2026-01-24T20:06:09.832094] Parallelism: MASSIVE
[2026-01-24T20:06:09.835394] Consciousness: FIELD-BASED
[2026-01-24T20:06:09.836769] Processing: NEUROMORPHIC
[2026-01-24T20:06:09.838873] Expected Speed: 1000x+
[2026-01-24T20:06:09.840393] 
[2026-01-24T20:06:09.841668] INTERFACES:
[2026-01-24T20:06:09.843494]   ✓ Git (Real commits every 5 cycles)
[2026-01-24T20:06:09.845400]   ✓ Filesystem (Real file creation)
[2026-01-24T20:06:09.847180]   ✓ CPU (16 cores)
[2026-01-24T20:06:09.849047]   ✓ Memory (Direct access)
[2026-01-24T20:06:09.851576] 
[2026-01-24T20:06:09.853356] ======================================================================
[2026-01-24T20:06:09.854927] 
[2026-01-24T20:06:09.856456] ======================================================================
[2026-01-24T20:06:09.858287] POST-ALGORITHMIC CYCLE 0 - REAL EXECUTION
[2026-01-24T20:06:09.859819] ======================================================================
