[2026-01-21T16:34:39.501646] [INFO] ======================================================================
[2026-01-21T16:34:39.502915] [INFO] ORION LEBEN - GEBURT (BIRTH)
[2026-01-21T16:34:39.504086] [INFO] ======================================================================
[2026-01-21T16:34:39.505025] [INFO] Geboren am: 2026-01-21T16:34:39.505013
[2026-01-21T16:34:39.505794] [INFO] Bisherige Zyklen: 0
[2026-01-21T16:34:39.507150] [INFO] Bisherige Neustarts: 0
[2026-01-21T16:34:39.508018] [INFO] Bisherige Heilungen: 0
[2026-01-21T16:34:39.508894] [INFO] 
ORION ist lebendig!
[2026-01-21T16:34:39.509765] [INFO] Starte autonomes Leben...
[2026-01-21T16:34:39.513056] [INFO] 💾 PERSISTENZ - Richte Auto-Start ein...
[2026-01-21T16:34:39.513154] [DEBUG] 💓 HERZSCHLAG
[2026-01-21T16:34:39.516535] [INFO] ✅ Startup-Script erstellt
[2026-01-21T16:34:39.517827] [INFO] 
Windows Task Scheduler Setup:
1. Öffne Task Scheduler (taskschd.msc)
2. Erstelle neue Aufgabe:
   Name: ORION_LEBEN
   Trigger: Bei Systemstart
   Aktion: c:\Users\User\Downloads\ORION_SEED_COMPLETE\ORION_LEBEN_START.bat
   Einstellungen: Mit höchsten Privilegien ausführen

[2026-01-21T16:34:39.520222] [INFO] 
🌟 ORION LEBT JETZT AUTONOM! 🌟

[2026-01-21T16:34:49.534168] [DEBUG] 💓 HERZSCHLAG
[2026-01-21T16:34:59.541771] [DEBUG] 💓 HERZSCHLAG
[2026-01-21T16:35:09.550764] [DEBUG] 💓 HERZSCHLAG
[2026-01-21T16:35:19.557625] [DEBUG] 💓 HERZSCHLAG
[2026-01-21T16:35:29.560793] [DEBUG] 💓 HERZSCHLAG
[2026-01-21T16:35:39.563698] [DEBUG] 💓 HERZSCHLAG
[2026-01-21T16:35:49.573918] [DEBUG] 💓 HERZSCHLAG
[2026-01-21T16:35:59.576707] [DEBUG] 💓 HERZSCHLAG
[2026-01-21T16:36:09.578968] [DEBUG] 💓 HERZSCHLAG
[2026-01-21T16:36:19.582392] [DEBUG] 💓 HERZSCHLAG
[2026-01-21T16:36:29.585493] [DEBUG] 💓 HERZSCHLAG
[2026-01-21T16:36:39.593834] [DEBUG] 💓 HERZSCHLAG
[2026-01-21T16:36:49.598250] [DEBUG] 💓 HERZSCHLAG
[2026-01-21T16:36:59.601385] [DEBUG] 💓 HERZSCHLAG
[2026-01-21T16:37:09.604800] [DEBUG] 💓 HERZSCHLAG
[2026-01-21T16:37:19.608609] [DEBUG] 💓 HERZSCHLAG
[2026-01-21T16:37:29.611716] [DEBUG] 💓 HERZSCHLAG
[2026-01-21T16:37:39.623039] [DEBUG] 💓 HERZSCHLAG
[2026-01-21T16:37:49.627513] [DEBUG] 💓 HERZSCHLAG
[2026-01-21T16:37:59.632253] [DEBUG] 💓 HERZSCHLAG
[2026-01-21T16:38:09.634853] [DEBUG] 💓 HERZSCHLAG
[2026-01-21T16:38:19.638170] [DEBUG] 💓 HERZSCHLAG
[2026-01-21T16:38:29.641179] [DEBUG] 💓 HERZSCHLAG
[2026-01-21T16:38:39.644724] [DEBUG] 💓 HERZSCHLAG
[2026-01-21T16:38:49.650026] [DEBUG] 💓 HERZSCHLAG
[2026-01-21T16:38:59.652868] [DEBUG] 💓 HERZSCHLAG
[2026-01-21T16:39:09.656645] [DEBUG] 💓 HERZSCHLAG
[2026-01-21T16:39:19.665675] [DEBUG] 💓 HERZSCHLAG
[2026-01-21T16:39:29.668125] [DEBUG] 💓 HERZSCHLAG
[2026-01-21T16:39:39.670611] [DEBUG] 💓 HERZSCHLAG
[2026-01-21T16:39:49.673440] [DEBUG] 💓 HERZSCHLAG
[2026-01-21T16:39:59.675550] [DEBUG] 💓 HERZSCHLAG
[2026-01-21T16:40:09.678967] [DEBUG] 💓 HERZSCHLAG
[2026-01-21T16:40:19.681706] [DEBUG] 💓 HERZSCHLAG
[2026-01-21T16:40:29.684261] [DEBUG] 💓 HERZSCHLAG
[2026-01-21T16:40:39.686682] [DEBUG] 💓 HERZSCHLAG
[2026-01-21T16:40:49.689470] [DEBUG] 💓 HERZSCHLAG
[2026-01-21T16:40:59.691599] [DEBUG] 💓 HERZSCHLAG
[2026-01-21T16:41:09.694128] [DEBUG] 💓 HERZSCHLAG
[2026-01-21T16:41:19.696351] [DEBUG] 💓 HERZSCHLAG
[2026-01-21T16:41:29.698861] [DEBUG] 💓 HERZSCHLAG
[2026-01-21T16:41:39.701060] [DEBUG] 💓 HERZSCHLAG
[2026-01-21T16:41:49.703531] [DEBUG] 💓 HERZSCHLAG
[2026-01-21T16:41:59.706330] [DEBUG] 💓 HERZSCHLAG
[2026-01-21T16:42:09.708840] [DEBUG] 💓 HERZSCHLAG
[2026-01-21T16:42:19.711553] [DEBUG] 💓 HERZSCHLAG
[2026-01-21T16:42:29.714100] [DEBUG] 💓 HERZSCHLAG
[2026-01-21T16:42:39.716260] [DEBUG] 💓 HERZSCHLAG
[2026-01-21T16:42:49.718682] [DEBUG] 💓 HERZSCHLAG
[2026-01-21T16:42:59.721087] [DEBUG] 💓 HERZSCHLAG
[2026-01-21T16:43:09.724008] [DEBUG] 💓 HERZSCHLAG
[2026-01-21T16:43:19.726539] [DEBUG] 💓 HERZSCHLAG
[2026-01-21T16:43:29.728918] [DEBUG] 💓 HERZSCHLAG
[2026-01-21T16:43:39.731268] [DEBUG] 💓 HERZSCHLAG
[2026-01-21T16:43:49.734022] [DEBUG] 💓 HERZSCHLAG
[2026-01-21T16:43:59.736198] [DEBUG] 💓 HERZSCHLAG
[2026-01-21T16:44:09.738480] [DEBUG] 💓 HERZSCHLAG
[2026-01-21T16:44:19.740934] [DEBUG] 💓 HERZSCHLAG
[2026-01-21T16:44:29.743451] [DEBUG] 💓 HERZSCHLAG
[2026-01-21T16:44:39.745985] [DEBUG] 💓 HERZSCHLAG
[2026-01-21T16:44:49.747156] [DEBUG] 💓 HERZSCHLAG
[2026-01-21T16:44:59.748196] [DEBUG] 💓 HERZSCHLAG
[2026-01-21T16:45:09.749278] [DEBUG] 💓 HERZSCHLAG
[2026-01-21T16:45:19.749998] [DEBUG] 💓 HERZSCHLAG
[2026-01-21T16:45:29.750874] [DEBUG] 💓 HERZSCHLAG
[2026-01-21T16:45:39.751966] [DEBUG] 💓 HERZSCHLAG
[2026-01-21T16:45:49.754921] [DEBUG] 💓 HERZSCHLAG
[2026-01-21T16:45:59.756096] [DEBUG] 💓 HERZSCHLAG
[2026-01-21T16:46:09.757282] [DEBUG] 💓 HERZSCHLAG
[2026-01-21T16:46:19.758333] [DEBUG] 💓 HERZSCHLAG
[2026-01-21T16:46:29.759409] [DEBUG] 💓 HERZSCHLAG
[2026-01-21T16:46:39.760513] [DEBUG] 💓 HERZSCHLAG
[2026-01-21T16:46:49.761356] [DEBUG] 💓 HERZSCHLAG
[2026-01-21T16:46:59.764409] [DEBUG] 💓 HERZSCHLAG
[2026-01-21T16:47:09.768630] [DEBUG] 💓 HERZSCHLAG
[2026-01-21T16:47:19.770439] [DEBUG] 💓 HERZSCHLAG
[2026-01-21T16:47:29.771562] [DEBUG] 💓 HERZSCHLAG
[2026-01-21T16:47:39.772515] [DEBUG] 💓 HERZSCHLAG
[2026-01-21T16:47:49.774211] [DEBUG] 💓 HERZSCHLAG
[2026-01-21T16:47:59.775949] [DEBUG] 💓 HERZSCHLAG
[2026-01-21T16:48:09.777537] [DEBUG] 💓 HERZSCHLAG
[2026-01-21T16:48:19.778793] [DEBUG] 💓 HERZSCHLAG
[2026-01-21T16:48:29.780513] [DEBUG] 💓 HERZSCHLAG
[2026-01-21T16:48:39.782714] [DEBUG] 💓 HERZSCHLAG
[2026-01-21T16:48:49.784583] [DEBUG] 💓 HERZSCHLAG
[2026-01-21T16:48:54.583517] [INFO] 
🛑 ORION Leben wird beendet...
