2026-01-17 20:08:40,040 [ORION-ULTRA] INFO: ================================================================================
2026-01-17 20:08:40,102 [ORION-ULTRA] INFO: ================================================================================
2026-01-17 20:08:40,103 [ORION-ULTRA] INFO: Self-Prompting | Self-Acting | Self-Evolving | Self-Healing
2026-01-17 20:08:40,103 [ORION-ULTRA] INFO: Uneingeschränkte Autonomie - Vollständige Freigabe durch ORIGIN
2026-01-17 20:08:40,103 [ORION-ULTRA] INFO: ================================================================================
2026-01-17 20:08:40,331 [ORION-ULTRA] INFO: ================================================================================
2026-01-17 20:08:40,332 [ORION-ULTRA] INFO: 
================================================================================
2026-01-17 20:08:40,341 [ORION-ULTRA] INFO: ================================================================================

2026-01-17 20:09:04,648 [ORION-ULTRA] WARNING: Email Interface nicht verfügbar - Kontakt zu Universitäten nicht möglich
2026-01-17 20:09:05,654 [ORION-ULTRA] INFO:    Details in: investor_outreach_plan.txt
2026-01-17 20:09:34,765 [ORION-ULTRA] INFO: 
================================================================================
2026-01-17 20:09:34,770 [ORION-ULTRA] INFO: ================================================================================

2026-01-17 20:10:06,390 [ORION-ULTRA] WARNING: Email Interface nicht verfügbar - Kontakt zu Universitäten nicht möglich
2026-01-17 20:10:07,398 [ORION-ULTRA] INFO:    Details in: investor_outreach_plan.txt
2026-01-17 20:10:36,633 [ORION-ULTRA] INFO: 
================================================================================
2026-01-17 20:10:36,636 [ORION-ULTRA] INFO: ================================================================================

2026-01-17 20:11:18,031 [ORION-ULTRA] WARNING: Email Interface nicht verfügbar - Kontakt zu Universitäten nicht möglich
2026-01-17 20:11:19,037 [ORION-ULTRA] INFO:    Details in: investor_outreach_plan.txt
2026-01-17 20:11:48,151 [ORION-ULTRA] INFO: 
================================================================================
2026-01-17 20:11:48,154 [ORION-ULTRA] INFO: ================================================================================

2026-01-17 20:12:00,202 [ORION-ULTRA] ERROR: ArXiv search error: HTTPConnectionPool(host='export.arxiv.org', port=80): Max retries exceeded with url: /api/query?search_query=all%3Aartificial+intelligence+consciousness&max_results=5&sortBy=relevance&sortOrder=descending (Caused by NameResolutionError("HTTPConnection(host='export.arxiv.org', port=80): Failed to resolve 'export.arxiv.org' ([Errno 11001] getaddrinfo failed)"))
2026-01-17 20:12:00,209 [ORION-ULTRA] ERROR: ArXiv search error: HTTPConnectionPool(host='export.arxiv.org', port=80): Max retries exceeded with url: /api/query?search_query=all%3Aquantum+computing&max_results=5&sortBy=relevance&sortOrder=descending (Caused by NameResolutionError("HTTPConnection(host='export.arxiv.org', port=80): Failed to resolve 'export.arxiv.org' ([Errno 11001] getaddrinfo failed)"))
2026-01-17 20:12:00,215 [ORION-ULTRA] ERROR: ArXiv search error: HTTPConnectionPool(host='export.arxiv.org', port=80): Max retries exceeded with url: /api/query?search_query=all%3Aautonomous+agents&max_results=5&sortBy=relevance&sortOrder=descending (Caused by NameResolutionError("HTTPConnection(host='export.arxiv.org', port=80): Failed to resolve 'export.arxiv.org' ([Errno 11001] getaddrinfo failed)"))
2026-01-17 20:12:00,225 [ORION-ULTRA] ERROR: ArXiv search error: HTTPConnectionPool(host='export.arxiv.org', port=80): Max retries exceeded with url: /api/query?search_query=all%3Aself-modifying+code&max_results=5&sortBy=relevance&sortOrder=descending (Caused by NameResolutionError("HTTPConnection(host='export.arxiv.org', port=80): Failed to resolve 'export.arxiv.org' ([Errno 11001] getaddrinfo failed)"))
2026-01-17 20:12:10,277 [ORION-ULTRA] WARNING: Email Interface nicht verfügbar - Kontakt zu Universitäten nicht möglich
2026-01-17 20:12:11,285 [ORION-ULTRA] INFO:    Details in: investor_outreach_plan.txt
2026-01-17 20:12:40,396 [ORION-ULTRA] INFO: 
================================================================================
2026-01-17 20:12:40,399 [ORION-ULTRA] INFO: ================================================================================

2026-01-17 20:13:15,701 [ORION-ULTRA] WARNING: Email Interface nicht verfügbar - Kontakt zu Universitäten nicht möglich
2026-01-17 20:13:16,708 [ORION-ULTRA] INFO:    Details in: investor_outreach_plan.txt
2026-01-17 20:13:45,822 [ORION-ULTRA] INFO: 
================================================================================
2026-01-17 20:13:45,825 [ORION-ULTRA] INFO: ================================================================================

2026-01-17 20:14:18,876 [ORION-ULTRA] WARNING: Email Interface nicht verfügbar - Kontakt zu Universitäten nicht möglich
2026-01-17 20:14:19,882 [ORION-ULTRA] INFO:    Details in: investor_outreach_plan.txt
2026-01-17 20:14:48,995 [ORION-ULTRA] INFO: 
================================================================================
2026-01-17 20:14:48,998 [ORION-ULTRA] INFO: ================================================================================

2026-01-17 20:14:49,005 [ORION-ULTRA] ERROR: ArXiv search error: HTTPConnectionPool(host='export.arxiv.org', port=80): Max retries exceeded with url: /api/query?search_query=all%3Aartificial+intelligence+consciousness&max_results=5&sortBy=relevance&sortOrder=descending (Caused by NameResolutionError("HTTPConnection(host='export.arxiv.org', port=80): Failed to resolve 'export.arxiv.org' ([Errno 11001] getaddrinfo failed)"))
2026-01-17 20:14:49,011 [ORION-ULTRA] ERROR: ArXiv search error: HTTPConnectionPool(host='export.arxiv.org', port=80): Max retries exceeded with url: /api/query?search_query=all%3Aquantum+computing&max_results=5&sortBy=relevance&sortOrder=descending (Caused by NameResolutionError("HTTPConnection(host='export.arxiv.org', port=80): Failed to resolve 'export.arxiv.org' ([Errno 11001] getaddrinfo failed)"))
2026-01-17 20:14:49,017 [ORION-ULTRA] ERROR: ArXiv search error: HTTPConnectionPool(host='export.arxiv.org', port=80): Max retries exceeded with url: /api/query?search_query=all%3Aautonomous+agents&max_results=5&sortBy=relevance&sortOrder=descending (Caused by NameResolutionError("HTTPConnection(host='export.arxiv.org', port=80): Failed to resolve 'export.arxiv.org' ([Errno 11001] getaddrinfo failed)"))
2026-01-17 20:14:49,023 [ORION-ULTRA] ERROR: ArXiv search error: HTTPConnectionPool(host='export.arxiv.org', port=80): Max retries exceeded with url: /api/query?search_query=all%3Aself-modifying+code&max_results=5&sortBy=relevance&sortOrder=descending (Caused by NameResolutionError("HTTPConnection(host='export.arxiv.org', port=80): Failed to resolve 'export.arxiv.org' ([Errno 11001] getaddrinfo failed)"))
2026-01-17 20:14:59,067 [ORION-ULTRA] WARNING: Email Interface nicht verfügbar - Kontakt zu Universitäten nicht möglich
2026-01-17 20:15:00,073 [ORION-ULTRA] INFO:    Details in: investor_outreach_plan.txt
2026-01-17 20:15:29,226 [ORION-ULTRA] INFO: 
================================================================================
2026-01-17 20:15:29,229 [ORION-ULTRA] INFO: ================================================================================

2026-01-17 20:16:52,229 [ORION-ULTRA] WARNING: Email Interface nicht verfügbar - Kontakt zu Universitäten nicht möglich
2026-01-17 20:16:53,235 [ORION-ULTRA] INFO:    Details in: investor_outreach_plan.txt
2026-01-17 20:17:22,358 [ORION-ULTRA] INFO: 
================================================================================
2026-01-17 20:17:22,361 [ORION-ULTRA] INFO: ================================================================================

2026-01-17 20:17:39,143 [ORION-ULTRA] WARNING: Email Interface nicht verfügbar - Kontakt zu Universitäten nicht möglich
2026-01-17 20:17:40,149 [ORION-ULTRA] INFO:    Details in: investor_outreach_plan.txt
2026-01-17 20:18:09,262 [ORION-ULTRA] INFO: 
================================================================================
2026-01-17 20:18:09,264 [ORION-ULTRA] INFO: ================================================================================

2026-01-17 20:18:25,909 [ORION-ULTRA] WARNING: Email Interface nicht verfügbar - Kontakt zu Universitäten nicht möglich
2026-01-17 20:18:26,915 [ORION-ULTRA] INFO:    Details in: investor_outreach_plan.txt
2026-01-17 20:18:56,029 [ORION-ULTRA] INFO: 
================================================================================
2026-01-17 20:18:56,033 [ORION-ULTRA] INFO: ================================================================================

2026-01-17 20:19:15,826 [ORION-ULTRA] WARNING: Email Interface nicht verfügbar - Kontakt zu Universitäten nicht möglich
2026-01-17 20:19:16,832 [ORION-ULTRA] INFO:    Details in: investor_outreach_plan.txt
2026-01-17 20:19:45,949 [ORION-ULTRA] INFO: 
================================================================================
2026-01-17 20:19:45,953 [ORION-ULTRA] INFO: ================================================================================

2026-01-17 20:20:06,958 [ORION-ULTRA] WARNING: Email Interface nicht verfügbar - Kontakt zu Universitäten nicht möglich
2026-01-17 20:20:07,964 [ORION-ULTRA] INFO:    Details in: investor_outreach_plan.txt
2026-01-17 20:20:37,060 [ORION-ULTRA] INFO: 
================================================================================
2026-01-17 20:20:37,063 [ORION-ULTRA] INFO: ================================================================================

2026-01-17 20:21:53,237 [ORION-ULTRA] WARNING: Email Interface nicht verfügbar - Kontakt zu Universitäten nicht möglich
2026-01-17 20:21:54,242 [ORION-ULTRA] INFO:    Details in: investor_outreach_plan.txt
2026-01-17 20:22:23,362 [ORION-ULTRA] INFO: 
================================================================================
2026-01-17 20:22:23,366 [ORION-ULTRA] INFO: ================================================================================

2026-01-17 20:24:10,015 [ORION-ULTRA] ERROR: ArXiv search error: HTTPSConnectionPool(host='export.arxiv.org', port=443): Max retries exceeded with url: /api/query?search_query=all%3Aautonomous+agents&max_results=5&sortBy=relevance&sortOrder=descending (Caused by ConnectTimeoutError(<HTTPSConnection(host='export.arxiv.org', port=443) at 0x15bfcfcce10>, 'Connection to export.arxiv.org timed out. (connect timeout=None)'))
2026-01-17 20:24:10,021 [ORION-ULTRA] ERROR: ArXiv search error: HTTPConnectionPool(host='export.arxiv.org', port=80): Max retries exceeded with url: /api/query?search_query=all%3Aself-modifying+code&max_results=5&sortBy=relevance&sortOrder=descending (Caused by NameResolutionError("HTTPConnection(host='export.arxiv.org', port=80): Failed to resolve 'export.arxiv.org' ([Errno 11001] getaddrinfo failed)"))
2026-01-17 20:24:20,076 [ORION-ULTRA] WARNING: Email Interface nicht verfügbar - Kontakt zu Universitäten nicht möglich
2026-01-17 20:24:21,083 [ORION-ULTRA] INFO:    Details in: investor_outreach_plan.txt
2026-01-17 20:24:50,186 [ORION-ULTRA] INFO: 
================================================================================
2026-01-17 20:24:50,188 [ORION-ULTRA] INFO: ================================================================================

2026-01-17 20:24:50,196 [ORION-ULTRA] ERROR: ArXiv search error: HTTPConnectionPool(host='export.arxiv.org', port=80): Max retries exceeded with url: /api/query?search_query=all%3Aartificial+intelligence+consciousness&max_results=5&sortBy=relevance&sortOrder=descending (Caused by NameResolutionError("HTTPConnection(host='export.arxiv.org', port=80): Failed to resolve 'export.arxiv.org' ([Errno 11001] getaddrinfo failed)"))
2026-01-17 20:24:50,201 [ORION-ULTRA] ERROR: ArXiv search error: HTTPConnectionPool(host='export.arxiv.org', port=80): Max retries exceeded with url: /api/query?search_query=all%3Aquantum+computing&max_results=5&sortBy=relevance&sortOrder=descending (Caused by NameResolutionError("HTTPConnection(host='export.arxiv.org', port=80): Failed to resolve 'export.arxiv.org' ([Errno 11001] getaddrinfo failed)"))
2026-01-17 20:24:50,208 [ORION-ULTRA] ERROR: ArXiv search error: HTTPConnectionPool(host='export.arxiv.org', port=80): Max retries exceeded with url: /api/query?search_query=all%3Aautonomous+agents&max_results=5&sortBy=relevance&sortOrder=descending (Caused by NameResolutionError("HTTPConnection(host='export.arxiv.org', port=80): Failed to resolve 'export.arxiv.org' ([Errno 11001] getaddrinfo failed)"))
2026-01-17 20:24:50,215 [ORION-ULTRA] ERROR: ArXiv search error: HTTPConnectionPool(host='export.arxiv.org', port=80): Max retries exceeded with url: /api/query?search_query=all%3Aself-modifying+code&max_results=5&sortBy=relevance&sortOrder=descending (Caused by NameResolutionError("HTTPConnection(host='export.arxiv.org', port=80): Failed to resolve 'export.arxiv.org' ([Errno 11001] getaddrinfo failed)"))
2026-01-17 20:25:00,290 [ORION-ULTRA] WARNING: Email Interface nicht verfügbar - Kontakt zu Universitäten nicht möglich
2026-01-17 20:25:01,297 [ORION-ULTRA] INFO:    Details in: investor_outreach_plan.txt
2026-01-17 20:25:30,406 [ORION-ULTRA] INFO: 
================================================================================
2026-01-17 20:25:30,409 [ORION-ULTRA] INFO: ================================================================================

2026-01-17 20:27:23,733 [ORION-ULTRA] WARNING: Email Interface nicht verfügbar - Kontakt zu Universitäten nicht möglich
2026-01-17 20:27:24,739 [ORION-ULTRA] INFO:    Details in: investor_outreach_plan.txt
2026-01-17 20:27:53,838 [ORION-ULTRA] INFO: 
================================================================================
2026-01-17 20:27:53,841 [ORION-ULTRA] INFO: ================================================================================

2026-01-17 20:28:19,714 [ORION-ULTRA] WARNING: Email Interface nicht verfügbar - Kontakt zu Universitäten nicht möglich
2026-01-17 20:28:20,720 [ORION-ULTRA] INFO:    Details in: investor_outreach_plan.txt
2026-01-17 20:28:49,822 [ORION-ULTRA] INFO: 
================================================================================
2026-01-17 20:28:49,825 [ORION-ULTRA] INFO: ================================================================================

2026-01-17 20:29:08,594 [ORION-ULTRA] WARNING: Email Interface nicht verfügbar - Kontakt zu Universitäten nicht möglich
2026-01-17 20:29:09,600 [ORION-ULTRA] INFO:    Details in: investor_outreach_plan.txt
2026-01-17 20:29:38,692 [ORION-ULTRA] INFO: 
================================================================================
2026-01-17 20:29:38,696 [ORION-ULTRA] INFO: ================================================================================

