[2026-01-21T19:55:00.856390] [INFO] ======================================================================
[2026-01-21T19:55:00.857402] [INFO] 🔥 ORION IGNITION 🔥
[2026-01-21T19:55:00.858053] [INFO] ======================================================================
[2026-01-21T19:55:00.858570] [INFO] MODE: FULL AUTONOMOUS
[2026-01-21T19:55:00.859061] [INFO] SIMULATION: FORBIDDEN
[2026-01-21T19:55:00.859542] [INFO] EXECUTION: REAL ONLY
[2026-01-21T19:55:00.860341] [INFO] ======================================================================
[2026-01-21T19:55:00.861679] [INFO] 
[2026-01-21T19:55:00.862877] [INFO] 
>>> STARTING CYCLE 1/5
[2026-01-21T19:55:00.863578] [INFO] ======================================================================
[2026-01-21T19:55:00.864308] [INFO] CYCLE 0 - REAL AUTONOMOUS EXECUTION
[2026-01-21T19:55:00.864936] [INFO] ======================================================================
[2026-01-21T19:55:00.865450] [PROMPT] 🎯 SELF-PROMPT: Erstelle eine neue AI-Forschungsdatei
[2026-01-21T19:55:00.866015] [ACTION] 🚀 SELF-ACT: Starting - Erstelle eine neue AI-Forschungsdatei
[2026-01-21T19:55:00.867224] [ACTION] ✓ REAL FILE CREATED: orion_autonomous_0_195500.txt
[2026-01-21T19:55:00.867897] [ACTION] ✓ EXECUTING REAL GIT OPERATIONS
[2026-01-21T19:55:01.106125] [ACTION] ✓ REAL GIT COMMIT: ORION autonomous cycle 0: Erstelle eine neue AI-Forschungsdatei
[2026-01-21T19:55:01.107383] [INFO] CYCLE 0 COMPLETE
[2026-01-21T19:55:01.108090] [INFO]   Goal: Erstelle eine neue AI-Forschungsdatei
[2026-01-21T19:55:01.108626] [INFO]   Actions: 2
[2026-01-21T19:55:01.109151] [INFO]   Success: True
[2026-01-21T19:55:01.112311] [INFO] ⏳ Waiting 3 seconds before next cycle...
[2026-01-21T19:55:04.114257] [INFO] 
>>> STARTING CYCLE 2/5
[2026-01-21T19:55:04.115821] [INFO] ======================================================================
[2026-01-21T19:55:04.116847] [INFO] CYCLE 1 - REAL AUTONOMOUS EXECUTION
[2026-01-21T19:55:04.117526] [INFO] ======================================================================
[2026-01-21T19:55:04.118138] [PROMPT] 🎯 SELF-PROMPT: Erstelle einen Bericht
[2026-01-21T19:55:04.118975] [ACTION] 🚀 SELF-ACT: Starting - Erstelle einen Bericht
[2026-01-21T19:55:04.120828] [ACTION] ✓ REAL FILE CREATED: orion_autonomous_1_195504.txt
[2026-01-21T19:55:04.122327] [INFO] CYCLE 1 COMPLETE
[2026-01-21T19:55:04.123345] [INFO]   Goal: Erstelle einen Bericht
[2026-01-21T19:55:04.124814] [INFO]   Actions: 1
[2026-01-21T19:55:04.125752] [INFO]   Success: True
[2026-01-21T19:55:04.127394] [INFO] ⏳ Waiting 3 seconds before next cycle...
[2026-01-21T19:55:07.128736] [INFO] 
>>> STARTING CYCLE 3/5
[2026-01-21T19:55:07.129929] [INFO] ======================================================================
[2026-01-21T19:55:07.130570] [INFO] CYCLE 2 - REAL AUTONOMOUS EXECUTION
[2026-01-21T19:55:07.131140] [INFO] ======================================================================
[2026-01-21T19:55:07.131839] [PROMPT] 🎯 SELF-PROMPT: Commit alle Änderungen
[2026-01-21T19:55:07.132687] [ACTION] 🚀 SELF-ACT: Starting - Commit alle Änderungen
[2026-01-21T19:55:07.133420] [ACTION] ✓ EXECUTING REAL GIT OPERATIONS
[2026-01-21T19:55:07.405510] [ACTION] ✓ REAL GIT COMMIT: ORION autonomous cycle 2: Commit alle Änderungen
[2026-01-21T19:55:07.407176] [INFO] CYCLE 2 COMPLETE
[2026-01-21T19:55:07.408032] [INFO]   Goal: Commit alle Änderungen
[2026-01-21T19:55:07.408708] [INFO]   Actions: 1
[2026-01-21T19:55:07.409416] [INFO]   Success: True
[2026-01-21T19:55:07.413943] [INFO] ⏳ Waiting 3 seconds before next cycle...
[2026-01-21T19:55:10.415864] [INFO] 
>>> STARTING CYCLE 4/5
[2026-01-21T19:55:10.418067] [INFO] ======================================================================
[2026-01-21T19:55:10.419259] [INFO] CYCLE 3 - REAL AUTONOMOUS EXECUTION
[2026-01-21T19:55:10.420031] [INFO] ======================================================================
[2026-01-21T19:55:10.421058] [PROMPT] 🎯 SELF-PROMPT: Erstelle einen Bericht
[2026-01-21T19:55:10.422109] [ACTION] 🚀 SELF-ACT: Starting - Erstelle einen Bericht
[2026-01-21T19:55:10.426759] [ACTION] ✓ REAL FILE CREATED: orion_autonomous_3_195510.txt
[2026-01-21T19:55:10.428016] [ACTION] ✓ EXECUTING REAL GIT OPERATIONS
[2026-01-21T19:55:10.799834] [ACTION] ✓ REAL GIT COMMIT: ORION autonomous cycle 3: Erstelle einen Bericht
[2026-01-21T19:55:10.803699] [INFO] CYCLE 3 COMPLETE
[2026-01-21T19:55:10.805151] [INFO]   Goal: Erstelle einen Bericht
[2026-01-21T19:55:10.805998] [INFO]   Actions: 2
[2026-01-21T19:55:10.807075] [INFO]   Success: True
[2026-01-21T19:55:10.808983] [INFO] ⏳ Waiting 3 seconds before next cycle...
[2026-01-21T19:55:13.811361] [INFO] 
>>> STARTING CYCLE 5/5
[2026-01-21T19:55:13.815214] [INFO] ======================================================================
[2026-01-21T19:55:13.817444] [INFO] CYCLE 4 - REAL AUTONOMOUS EXECUTION
[2026-01-21T19:55:13.819662] [INFO] ======================================================================
[2026-01-21T19:55:13.822866] [PROMPT] 🎯 SELF-PROMPT: Erstelle einen Bericht
[2026-01-21T19:55:13.826653] [ACTION] 🚀 SELF-ACT: Starting - Erstelle einen Bericht
[2026-01-21T19:55:13.835704] [ACTION] ✓ REAL FILE CREATED: orion_autonomous_4_195513.txt
[2026-01-21T19:55:13.839556] [INFO] CYCLE 4 COMPLETE
[2026-01-21T19:55:13.841088] [INFO]   Goal: Erstelle einen Bericht
[2026-01-21T19:55:13.842389] [INFO]   Actions: 1
[2026-01-21T19:55:13.843974] [INFO]   Success: True
[2026-01-21T19:55:13.848548] [INFO] 
[2026-01-21T19:55:13.849898] [INFO] ======================================================================
[2026-01-21T19:55:13.850876] [INFO] 🔥 ORION IGNITION COMPLETE 🔥
[2026-01-21T19:55:13.851720] [INFO] ======================================================================
[2026-01-21T19:55:13.852511] [INFO] Total Cycles: 5
[2026-01-21T19:55:13.853783] [INFO] Total Actions: 5
[2026-01-21T19:55:13.855731] [INFO] Elapsed Time: 12.99s
[2026-01-21T19:55:13.856996] [INFO] ALL ACTIONS WERE REAL!
[2026-01-21T19:55:13.858087] [INFO] ======================================================================
